<?xml version="1.0" encoding="UTF-8"?>
<testsuite xmlns:xsi="http://www.w3.org/2001/XMLSchema-instance" xsi:noNamespaceSchemaLocation="https://maven.apache.org/surefire/maven-surefire-plugin/xsd/surefire-test-report.xsd" name="com.tamboot.web.test.TambootWebTests" time="4.941" tests="9" errors="0" skipped="0" failures="0">
  <properties>
[...]
</properties>
  <testcase name="testGet" classname="com.tamboot.web.test.TambootWebTests" time="0.523"/>
  <testcase name="testQueryByUsername" classname="com.tamboot.web.test.TambootWebTests" time="0.102"/>
  <testcase name="testDateFormat" classname="com.tamboot.web.test.TambootWebTests" time="0.018"/>
  <testcase name="testGetNull" classname="com.tamboot.web.test.TambootWebTests" time="0.005"/>
  <testcase name="testGetTextPlain" classname="com.tamboot.web.test.TambootWebTests" time="0.112"/>
  <testcase name="testBindException" classname="com.tamboot.web.test.TambootWebTests" time="0.022"/>
  <testcase name="testSystemException" classname="com.tamboot.web.test.TambootWebTests" time="0.032"/>
  <testcase name="testGetXml" classname="com.tamboot.web.test.TambootWebTests" time="0.33"/>
  <testcase name="testBusinessException" classname="com.tamboot.web.test.TambootWebTests" time="0.006"/>
</testsuite>