<?xml version="1.0" encoding="UTF-8"?>
<testsuite xmlns:xsi="http://www.w3.org/2001/XMLSchema-instance" xsi:noNamespaceSchemaLocation="https://maven.apache.org/surefire/maven-surefire-plugin/xsd/surefire-test-report.xsd" name="com.tamboot.security.test.custom.CustomTambootSecurityTests" time="1.525" tests="13" errors="0" skipped="0" failures="0">
  <properties>
[...]
</properties>
  <testcase name="testNoAuthentication" classname="com.tamboot.security.test.custom.CustomTambootSecurityTests" time="0.018"/>
  <testcase name="testUserResourcesWithUserRole" classname="com.tamboot.security.test.custom.CustomTambootSecurityTests" time="0.012"/>
  <testcase name="testUserResourcesWithManagerRole" classname="com.tamboot.security.test.custom.CustomTambootSecurityTests" time="0.013"/>
  <testcase name="testAccessDenied" classname="com.tamboot.security.test.custom.CustomTambootSecurityTests" time="0.007"/>
  <testcase name="testUserDetailsWithUser" classname="com.tamboot.security.test.custom.CustomTambootSecurityTests" time="0.011"/>
  <testcase name="testLoginWithInvalidPassword" classname="com.tamboot.security.test.custom.CustomTambootSecurityTests" time="0.009"/>
  <testcase name="testLoginWithUser" classname="com.tamboot.security.test.custom.CustomTambootSecurityTests" time="0.007"/>
  <testcase name="testUserDetailsWithoutUser" classname="com.tamboot.security.test.custom.CustomTambootSecurityTests" time="0.006"/>
  <testcase name="testLoginWithInvalidUser" classname="com.tamboot.security.test.custom.CustomTambootSecurityTests" time="0.005"/>
  <testcase name="testPasswordEncoder" classname="com.tamboot.security.test.custom.CustomTambootSecurityTests" time="0.004"/>
  <testcase name="testTokenRepository" classname="com.tamboot.security.test.custom.CustomTambootSecurityTests" time="0.004"/>
  <testcase name="testAuthenticationService" classname="com.tamboot.security.test.custom.CustomTambootSecurityTests" time="0.021"/>
  <testcase name="testManagerResourcesWithManagerRole" classname="com.tamboot.security.test.custom.CustomTambootSecurityTests" time="0.007"/>
</testsuite>